Building DAG of jobs...
Using shell: /usr/bin/bash
Provided cluster nodes: 4
Job counts:
	count	jobs
	1	all
	1	fastqc
	1	multiqc
	3

[Sat Nov 21 16:31:06 2020]
rule fastqc:
    input: ../fastq/TargetSeq-CBE-EMX1-rep1_R1.fastq.gz, ../fastq/TargetSeq-CBE-EMX1-rep1_R2.fastq.gz
    output: ../qc/fastqc/TargetSeq-CBE-EMX1-rep1_R1_fastqc.html, ../qc/fastqc/TargetSeq-CBE-EMX1-rep1_R2_fastqc.html
    log: ../qc/fastqc_TargetSeq-CBE-EMX1-rep1.log
    jobid: 1
    reason: Missing output files: ../qc/fastqc/TargetSeq-CBE-EMX1-rep1_R2_fastqc.html, ../qc/fastqc/TargetSeq-CBE-EMX1-rep1_R1_fastqc.html
    wildcards: sample=TargetSeq-CBE-EMX1-rep1


        /home/zhaohuanan/zhaohn_HD/miniconda3/bin/fastqc -o ../qc/fastqc -t 24         ../fastq/TargetSeq-CBE-EMX1-rep1_R1.fastq.gz ../fastq/TargetSeq-CBE-EMX1-rep1_R2.fastq.gz 2>../qc/fastqc_TargetSeq-CBE-EMX1-rep1.log
        
Submitted job 1 with external jobid '191680'.
[Sat Nov 21 16:40:07 2020]
Finished job 1.
1 of 3 steps (33%) done

[Sat Nov 21 16:40:07 2020]
rule multiqc:
    input: ../qc/fastqc/TargetSeq-CBE-EMX1-rep1_R1_fastqc.html, ../qc/fastqc/TargetSeq-CBE-EMX2-rep2_R1_fastqc.html, ../qc/fastqc/TargetSeq-CBE-EMX1-rep1_R2_fastqc.html, ../qc/fastqc/TargetSeq-CBE-EMX2-rep2_R2_fastqc.html
    output: ../qc/multiqc/multiqc_report.html
    log: ../qc/multiqc.log
    jobid: 3
    reason: Missing output files: ../qc/multiqc/multiqc_report.html; Input files updated by another job: ../qc/fastqc/TargetSeq-CBE-EMX1-rep1_R2_fastqc.html, ../qc/fastqc/TargetSeq-CBE-EMX1-rep1_R1_fastqc.html


        /home/zhaohuanan/zhaohn_HD/miniconda3/bin/multiqc ../qc -o ../qc/multiqc --no-data-dir 2>../qc/multiqc.log
        
Submitted job 3 with external jobid '191681'.
[Sat Nov 21 16:40:48 2020]
Finished job 3.
2 of 3 steps (67%) done

[Sat Nov 21 16:40:48 2020]
localrule all:
    input: ../fastq/TargetSeq-CBE-EMX1-rep1_R1.fastq.gz, ../fastq/TargetSeq-CBE-EMX2-rep2_R1.fastq.gz, ../fastq/TargetSeq-CBE-EMX1-rep1_R2.fastq.gz, ../fastq/TargetSeq-CBE-EMX2-rep2_R2.fastq.gz, ../qc/fastqc/TargetSeq-CBE-EMX1-rep1_R1_fastqc.html, ../qc/fastqc/TargetSeq-CBE-EMX2-rep2_R1_fastqc.html, ../qc/fastqc/TargetSeq-CBE-EMX1-rep1_R2_fastqc.html, ../qc/fastqc/TargetSeq-CBE-EMX2-rep2_R2_fastqc.html, ../qc/multiqc/multiqc_report.html
    jobid: 0
    reason: Input files updated by another job: ../qc/fastqc/TargetSeq-CBE-EMX1-rep1_R1_fastqc.html, ../qc/fastqc/TargetSeq-CBE-EMX1-rep1_R2_fastqc.html, ../qc/multiqc/multiqc_report.html

[Sat Nov 21 16:40:48 2020]
Finished job 0.
3 of 3 steps (100%) done
Complete log: /gpfs/user/zhaohuanan/3.project/19.2020-11_1104_TargetSeq-DdCBE_LL_ABE-RNF2_CBE-EXM1/sub-6_CBE-EMX1/snakepipes_fastqc-multiqc/.snakemake/log/2020-11-21T163106.564225.snakemake.log
