Building DAG of jobs...
Using shell: /usr/bin/bash
Provided cores: 2
Rules claiming more threads will be scaled down.
Job counts:
	count	jobs
	1	all
	1	fastqc
	1	multiqc
	3

[Wed Jul  8 17:32:18 2020]
rule fastqc:
    input: ../fastq/293T-RNASeq-BE4-0706-rep1_R1.fastq.gz, ../fastq/293T-RNASeq-BE4-0706-rep1_R2.fastq.gz, ../fastq/293T-RNASeq-M2-0706-rep1_R1.fastq.gz, ../fastq/293T-RNASeq-M2-0706-rep1_R2.fastq.gz
    output: ../qc/fastqc/293T-RNASeq-BE4-0706-rep1_R1_fastqc.html, ../qc/fastqc/293T-RNASeq-BE4-0706-rep1_R2_fastqc.html, ../qc/fastqc/293T-RNASeq-M2-0706-rep1_R1_fastqc.html, ../qc/fastqc/293T-RNASeq-M2-0706-rep1_R2_fastqc.html
    log: ../qc/fastqc.log
    jobid: 2

Terminating processes on user request, this might take some time.
[Wed Jul  8 17:32:46 2020]
Error in rule fastqc:
    jobid: 2
    output: ../qc/fastqc/293T-RNASeq-BE4-0706-rep1_R1_fastqc.html, ../qc/fastqc/293T-RNASeq-BE4-0706-rep1_R2_fastqc.html, ../qc/fastqc/293T-RNASeq-M2-0706-rep1_R1_fastqc.html, ../qc/fastqc/293T-RNASeq-M2-0706-rep1_R2_fastqc.html
    log: ../qc/fastqc.log

RuleException:
CalledProcessError in line 62 of /gpfs/user/zhaohuanan/3.project/6.2020-07_CBE_RNA-seq_off-target/snakepipes_fastqc-multiqc/Snakefile:
Command ' set -euo pipefail;  
        /home/zhaohuanan/anaconda3/envs/py37/bin/fastqc -o ../qc/fastqc -t 24         ../fastq/293T-RNASeq-BE4-0706-rep1_R1.fastq.gz ../fastq/293T-RNASeq-BE4-0706-rep1_R2.fastq.gz ../fastq/293T-RNASeq-M2-0706-rep1_R1.fastq.gz ../fastq/293T-RNASeq-M2-0706-rep1_R2.fastq.gz 2>../qc/fastqc.log ' returned non-zero exit status 130.
  File "/gpfs/user/zhaohuanan/3.project/6.2020-07_CBE_RNA-seq_off-target/snakepipes_fastqc-multiqc/Snakefile", line 62, in __rule_fastqc
  File "/home/zhaohuanan/anaconda3/envs/snakemake/lib/python3.6/concurrent/futures/thread.py", line 56, in run
Complete log: /gpfs/user/zhaohuanan/3.project/6.2020-07_CBE_RNA-seq_off-target/snakepipes_fastqc-multiqc/.snakemake/log/2020-07-08T173218.327153.snakemake.log
