Building DAG of jobs...
MissingInputException in line 106 of /gpfs/user/zhaohuanan/3.project/8.2020-08_0805_Target-seq/snakepipes_fastqc-multiqc/Snakefile:
Missing input files for rule fastqc:
../fastq/TargetSeq-B-1_R1_R1.fastq.gz
../fastq/TargetSeq-S334-1_R2_R1.fastq.gz
../fastq/TargetSeq-Ed_R1_R1.fastq.gz
../fastq/TargetSeq-M9-Y-2_R1_R1.fastq.gz
../fastq/TargetSeq-M6-1_R1_R2.fastq.gz
../fastq/TargetSeq-V-B_R1_R2.fastq.gz
../fastq/TargetSeq-M5-1_R1_R2.fastq.gz
../fastq/TargetSeq-B-1_R2_R1.fastq.gz
../fastq/TargetSeq-M7-1_R1_R2.fastq.gz
../fastq/TargetSeq-B-2_R1_R2.fastq.gz
../fastq/TargetSeq-M5-2_R2_R2.fastq.gz
../fastq/TargetSeq-H1_R1_R1.fastq.gz
../fastq/TargetSeq-V-D_R2_R1.fastq.gz
../fastq/TargetSeq-M6-1_R2_R2.fastq.gz
../fastq/TargetSeq-M7-2_R2_R2.fastq.gz
../fastq/TargetSeq-M5-1_R1_R1.fastq.gz
../fastq/TargetSeq-M1-1_R2_R2.fastq.gz
../fastq/TargetSeq-M4-1_R1_R2.fastq.gz
../fastq/TargetSeq-V-D_R2_R2.fastq.gz
../fastq/TargetSeq-M1-1_R1_R1.fastq.gz
../fastq/TargetSeq-M3-1_R1_R2.fastq.gz
../fastq/TargetSeq-EH-1_R2_R2.fastq.gz
../fastq/TargetSeq-Y-1_R2_R2.fastq.gz
../fastq/TargetSeq-M4-2_R1_R1.fastq.gz
../fastq/TargetSeq-B-2_R2_R2.fastq.gz
../fastq/TargetSeq-B-2_R1_R1.fastq.gz
../fastq/TargetSeq-M6-1_R2_R1.fastq.gz
../fastq/TargetSeq-Y-2_R2_R1.fastq.gz
../fastq/TargetSeq-B-1_R2_R2.fastq.gz
../fastq/TargetSeq-M3-1_R2_R2.fastq.gz
../fastq/TargetSeq-M8-B-2_R1_R2.fastq.gz
../fastq/TargetSeq-M6-2_R2_R1.fastq.gz
../fastq/TargetSeq-EH-2_R2_R2.fastq.gz
../fastq/TargetSeq-M6-1_R1_R1.fastq.gz
../fastq/TargetSeq-M1-2_R1_R2.fastq.gz
../fastq/TargetSeq-M2-2_R2_R2.fastq.gz
../fastq/TargetSeq-M4-2_R2_R2.fastq.gz
../fastq/TargetSeq-B-2_R2_R1.fastq.gz
../fastq/TargetSeq-H1_R1_R2.fastq.gz
../fastq/TargetSeq-V-B_R2_R1.fastq.gz
../fastq/TargetSeq-M4-2_R1_R2.fastq.gz
../fastq/TargetSeq-M1-2_R2_R1.fastq.gz
../fastq/TargetSeq-Ed_R2_R1.fastq.gz
../fastq/TargetSeq-M8-B-1_R1_R1.fastq.gz
../fastq/TargetSeq-M3-2_R2_R1.fastq.gz
../fastq/TargetSeq-Y-1_R2_R1.fastq.gz
../fastq/TargetSeq-M5-2_R1_R2.fastq.gz
../fastq/TargetSeq-M7-1_R1_R1.fastq.gz
../fastq/TargetSeq-M6-2_R1_R1.fastq.gz
../fastq/TargetSeq-S334-1_R1_R1.fastq.gz
../fastq/TargetSeq-EH-2_R2_R1.fastq.gz
../fastq/TargetSeq-M5-1_R2_R1.fastq.gz
../fastq/TargetSeq-M6-2_R1_R2.fastq.gz
../fastq/TargetSeq-M8-B-2_R2_R2.fastq.gz
../fastq/TargetSeq-V-B_R2_R2.fastq.gz
../fastq/TargetSeq-M7-2_R2_R1.fastq.gz
../fastq/TargetSeq-M3-2_R2_R2.fastq.gz
../fastq/TargetSeq-V-B_R1_R1.fastq.gz
../fastq/TargetSeq-M7-1_R2_R1.fastq.gz
../fastq/TargetSeq-M8-B-1_R1_R2.fastq.gz
../fastq/TargetSeq-H1_R2_R2.fastq.gz
../fastq/TargetSeq-M7-2_R1_R2.fastq.gz
../fastq/TargetSeq-H1_R2_R1.fastq.gz
../fastq/TargetSeq-M1-1_R2_R1.fastq.gz
../fastq/TargetSeq-Y-2_R1_R2.fastq.gz
../fastq/TargetSeq-Y-2_R2_R2.fastq.gz
../fastq/TargetSeq-M5-1_R2_R2.fastq.gz
../fastq/TargetSeq-V-A_R2_R1.fastq.gz
../fastq/TargetSeq-M7-1_R2_R2.fastq.gz
../fastq/TargetSeq-M3-2_R1_R1.fastq.gz
../fastq/TargetSeq-Y-1_R1_R1.fastq.gz
../fastq/TargetSeq-Ed_R2_R2.fastq.gz
../fastq/TargetSeq-M9-Y-1_R1_R2.fastq.gz
../fastq/TargetSeq-EH-1_R1_R2.fastq.gz
../fastq/TargetSeq-EH-1_R2_R1.fastq.gz
../fastq/TargetSeq-M4-1_R2_R1.fastq.gz
../fastq/TargetSeq-M8-B-2_R2_R1.fastq.gz
../fastq/TargetSeq-M9-Y-2_R2_R2.fastq.gz
../fastq/TargetSeq-M1-2_R2_R2.fastq.gz
../fastq/TargetSeq-M4-1_R2_R2.fastq.gz
../fastq/TargetSeq-M7-2_R1_R1.fastq.gz
../fastq/TargetSeq-M3-1_R1_R1.fastq.gz
../fastq/TargetSeq-S334-2_R2_R2.fastq.gz
../fastq/TargetSeq-M5-2_R2_R1.fastq.gz
../fastq/TargetSeq-M3-2_R1_R2.fastq.gz
../fastq/TargetSeq-EH-2_R1_R2.fastq.gz
../fastq/TargetSeq-B-1_R1_R2.fastq.gz
../fastq/TargetSeq-V-A_R2_R2.fastq.gz
../fastq/TargetSeq-V-A_R1_R2.fastq.gz
../fastq/TargetSeq-M2-2_R1_R1.fastq.gz
../fastq/TargetSeq-M8-B-2_R1_R1.fastq.gz
../fastq/TargetSeq-S334-1_R1_R2.fastq.gz
../fastq/TargetSeq-S334-1_R2_R2.fastq.gz
../fastq/TargetSeq-M1-2_R1_R1.fastq.gz
../fastq/TargetSeq-M2-1_R1_R2.fastq.gz
../fastq/TargetSeq-Ed_R1_R2.fastq.gz
../fastq/TargetSeq-M2-1_R2_R2.fastq.gz
../fastq/TargetSeq-V-D_R1_R2.fastq.gz
../fastq/TargetSeq-M8-B-1_R2_R2.fastq.gz
../fastq/TargetSeq-M9-Y-1_R1_R1.fastq.gz
../fastq/TargetSeq-M6-2_R2_R2.fastq.gz
../fastq/TargetSeq-M9-Y-1_R2_R1.fastq.gz
../fastq/TargetSeq-M2-2_R2_R1.fastq.gz
../fastq/TargetSeq-M9-Y-1_R2_R2.fastq.gz
../fastq/TargetSeq-M3-1_R2_R1.fastq.gz
../fastq/TargetSeq-S334-2_R1_R2.fastq.gz
../fastq/TargetSeq-EH-1_R1_R1.fastq.gz
../fastq/TargetSeq-M9-Y-2_R2_R1.fastq.gz
../fastq/TargetSeq-M9-Y-2_R1_R2.fastq.gz
../fastq/TargetSeq-V-D_R1_R1.fastq.gz
../fastq/TargetSeq-Y-1_R1_R2.fastq.gz
../fastq/TargetSeq-Y-2_R1_R1.fastq.gz
../fastq/TargetSeq-M8-B-1_R2_R1.fastq.gz
../fastq/TargetSeq-M1-1_R1_R2.fastq.gz
../fastq/TargetSeq-M2-1_R1_R1.fastq.gz
../fastq/TargetSeq-M4-2_R2_R1.fastq.gz
../fastq/TargetSeq-S334-2_R1_R1.fastq.gz
../fastq/TargetSeq-S334-2_R2_R1.fastq.gz
../fastq/TargetSeq-EH-2_R1_R1.fastq.gz
../fastq/TargetSeq-V-A_R1_R1.fastq.gz
../fastq/TargetSeq-M4-1_R1_R1.fastq.gz
../fastq/TargetSeq-M2-1_R2_R1.fastq.gz
../fastq/TargetSeq-M5-2_R1_R1.fastq.gz
../fastq/TargetSeq-M2-2_R1_R2.fastq.gz
