Building DAG of jobs...
Using shell: /usr/bin/bash
Provided cores: 24
Rules claiming more threads will be scaled down.
Job counts:
	count	jobs
	1	all
	1	fastqc
	1	multiqc
	3

[Tue May  5 00:23:01 2020]
rule fastqc:
    input: ../reads/BE3-1_combined_R1.fastq.gz, ../reads/BE3-2_combined_R1.fastq.gz, ../reads/BE4-1_combined_R1.fastq.gz, ../reads/BE4-2_combined_R1.fastq.gz, ../reads/EM-1_combined_R1.fastq.gz, ../reads/EM-2_combined_R1.fastq.gz, ../reads/BE3-1_combined_R2.fastq.gz, ../reads/BE3-2_combined_R2.fastq.gz, ../reads/BE4-1_combined_R2.fastq.gz, ../reads/BE4-2_combined_R2.fastq.gz, ../reads/EM-1_combined_R2.fastq.gz, ../reads/EM-2_combined_R2.fastq.gz
    output: ../qc/fastqc/BE3-1_combined_R1_fastqc.html, ../qc/fastqc/BE3-2_combined_R1_fastqc.html, ../qc/fastqc/BE4-1_combined_R1_fastqc.html, ../qc/fastqc/BE4-2_combined_R1_fastqc.html, ../qc/fastqc/EM-1_combined_R1_fastqc.html, ../qc/fastqc/EM-2_combined_R1_fastqc.html, ../qc/fastqc/BE3-1_combined_R2_fastqc.html, ../qc/fastqc/BE3-2_combined_R2_fastqc.html, ../qc/fastqc/BE4-1_combined_R2_fastqc.html, ../qc/fastqc/BE4-2_combined_R2_fastqc.html, ../qc/fastqc/EM-1_combined_R2_fastqc.html, ../qc/fastqc/EM-2_combined_R2_fastqc.html
    jobid: 2

Terminating processes on user request, this might take some time.
[Tue May  5 00:23:47 2020]
Error in rule fastqc:
    jobid: 2
    output: ../qc/fastqc/BE3-1_combined_R1_fastqc.html, ../qc/fastqc/BE3-2_combined_R1_fastqc.html, ../qc/fastqc/BE4-1_combined_R1_fastqc.html, ../qc/fastqc/BE4-2_combined_R1_fastqc.html, ../qc/fastqc/EM-1_combined_R1_fastqc.html, ../qc/fastqc/EM-2_combined_R1_fastqc.html, ../qc/fastqc/BE3-1_combined_R2_fastqc.html, ../qc/fastqc/BE3-2_combined_R2_fastqc.html, ../qc/fastqc/BE4-1_combined_R2_fastqc.html, ../qc/fastqc/BE4-2_combined_R2_fastqc.html, ../qc/fastqc/EM-1_combined_R2_fastqc.html, ../qc/fastqc/EM-2_combined_R2_fastqc.html
    shell:
        
        /home/zhaohuanan/zhaohn_HD/1.apps/anaconda3/envs/py37/bin/fastqc -o ../qc/fastqc -t 24         ../reads/BE3-1_combined_R1.fastq.gz ../reads/BE3-2_combined_R1.fastq.gz ../reads/BE4-1_combined_R1.fastq.gz ../reads/BE4-2_combined_R1.fastq.gz ../reads/EM-1_combined_R1.fastq.gz ../reads/EM-2_combined_R1.fastq.gz ../reads/BE3-1_combined_R2.fastq.gz ../reads/BE3-2_combined_R2.fastq.gz ../reads/BE4-1_combined_R2.fastq.gz ../reads/BE4-2_combined_R2.fastq.gz ../reads/EM-1_combined_R2.fastq.gz ../reads/EM-2_combined_R2.fastq.gz
        
        (one of the commands exited with non-zero exit code; note that snakemake uses bash strict mode!)

Complete log: /gpfs/user/zhaohuanan/3.project/3.2020-05_BE3andBE4_RNA-seq/snakepipes_fastqc-multiqc/.snakemake/log/2020-05-05T002301.092936.snakemake.log
